<?xml version="1.0" encoding="UTF-8"?>
<!-- Generated by org.testng.reporters.JUnitReportReporter -->
<testsuite hostname="DESKTOP-U1JE23P" failures="1" tests="2" name="scripts.PolicyLibraryTest" time="113.074" errors="0" timestamp="2022-12-27T20:43:02 IST" skipped="1">
  <testcase classname="scripts.PolicyLibraryTest" name="verifyBrokerPolicyLibraryDetails" time="113.074">
    <failure message="The following asserts failed:
	txtEmailID is either not available on the page or not clickable as it&#039;s timeout,
	Unable to open login page after logout" type="java.lang.AssertionError">
      <![CDATA[java.lang.AssertionError: The following asserts failed:
txtEmailID is either not available on the page or not clickable as it's timeout,
Unable to open login page after logout
at org.testng.asserts.SoftAssert.assertAll(SoftAssert.java:46)
at org.testng.asserts.SoftAssert.assertAll(SoftAssert.java:30)
at com.as.autot.tool.wrapper.api.HTMLWebDriver.testClosure(HTMLWebDriver.java:289)
at scripts.PolicyLibraryTest.verifyBrokerPolicyLibraryDetails(PolicyLibraryTest.java:63)
at java.base/jdk.internal.reflect.NativeMethodAccessorImpl.invoke0(Native Method)
at java.base/jdk.internal.reflect.NativeMethodAccessorImpl.invoke(NativeMethodAccessorImpl.java:77)
at java.base/jdk.internal.reflect.DelegatingMethodAccessorImpl.invoke(DelegatingMethodAccessorImpl.java:43)
at java.base/java.lang.reflect.Method.invoke(Method.java:568)
at org.testng.internal.invokers.MethodInvocationHelper.invokeMethod(MethodInvocationHelper.java:139)
at org.testng.internal.invokers.TestInvoker.invokeMethod(TestInvoker.java:677)
at org.testng.internal.invokers.TestInvoker.invokeTestMethod(TestInvoker.java:221)
at org.testng.internal.invokers.MethodRunner.runInSequence(MethodRunner.java:50)
at org.testng.internal.invokers.TestInvoker$MethodInvocationAgent.invoke(TestInvoker.java:962)
at org.testng.internal.invokers.TestInvoker.invokeTestMethods(TestInvoker.java:194)
at org.testng.internal.invokers.TestMethodWorker.invokeTestMethods(TestMethodWorker.java:148)
at org.testng.internal.invokers.TestMethodWorker.run(TestMethodWorker.java:128)
at java.base/java.util.concurrent.ThreadPoolExecutor.runWorker(ThreadPoolExecutor.java:1136)
at java.base/java.util.concurrent.ThreadPoolExecutor$Worker.run(ThreadPoolExecutor.java:635)
at java.base/java.lang.Thread.run(Thread.java:833)
]]>
    </failure>
  </testcase> <!-- verifyBrokerPolicyLibraryDetails -->
  <system-out>
    <![CDATA[Page Object Model is generated for Login Page.
Login process started
Entered user credential to login
[btnSignin] is clicked
Login process is completed with user [duatest1@outlook.com]
verifyLoginPageTitle process started
txtEmailID is either not available on the page or not clickable as it's timeout
Skipping further steps as previous step is failed
Unable to open login page after logout
verifyLoginPageTitle process ended
Page Object Model is generated for dashboard
User [Bas van Zalingen] login successfully
Click on to the Policy Library button.
[btnPoliciesLib] is clicked
Clicking policy library button process ended
Page Object Model is generated for Policy Library Page.
Policy header page :-  [Library] is visible successfully
Policy Table Columns verification started
[PolicyColumn] :- [Policy] is available on the page 
[MemberColumn]:- [Member] is available on the page
[PolicyStartColumn]:-[Policy Start] is available on the page
[PolicyEndColumn]:-[Policy End] is available on the page
[PolicyStatusColumn]:-[Status] is available on the page
[NoOfRiskColumn]:-[No. of Risks] is available on the page
Policy Table Columns verification ended
Total Policy Rows details started
TotalListRows count is :-4]]>
  </system-out>
  <testcase classname="scripts.PolicyLibraryTest" name="verifyPolicyDetailsInPolicyLibrary">
    <skipped/>
  </testcase> <!-- verifyPolicyDetailsInPolicyLibrary -->
  <system-out/>
</testsuite> <!-- scripts.PolicyLibraryTest -->
